\BOOKMARK [1][-]{section.1}{Introducci\363n}{}% 1
\BOOKMARK [1][-]{section.2}{Objetivos}{}% 2
\BOOKMARK [1][-]{section.3}{Antecedentes}{}% 3
\BOOKMARK [2][-]{subsection.3.1}{Fre\363n 12}{section.3}% 4
\BOOKMARK [2][-]{subsection.3.2}{Entalp\355a}{section.3}% 5
\BOOKMARK [2][-]{subsection.3.3}{Calor espec\355fico}{section.3}% 6
\BOOKMARK [2][-]{subsection.3.4}{Calor}{section.3}% 7
\BOOKMARK [2][-]{subsection.3.5}{Ciclo termodin\341mico}{section.3}% 8
\BOOKMARK [2][-]{subsection.3.6}{Equipo}{section.3}% 9
\BOOKMARK [1][-]{section.4}{Metodolog\355a}{}% 10
\BOOKMARK [1][-]{section.5}{Memoria de c\341lculo}{}% 11
\BOOKMARK [2][-]{subsection.5.1}{Condensador}{section.5}% 12
\BOOKMARK [2][-]{subsection.5.2}{V\341lvula de expansi\363n}{section.5}% 13
\BOOKMARK [2][-]{subsection.5.3}{Evaporador}{section.5}% 14
\BOOKMARK [2][-]{subsection.5.4}{Compresor}{section.5}% 15
\BOOKMARK [2][-]{subsection.5.5}{C\341lculo general}{section.5}% 16
\BOOKMARK [2][-]{subsection.5.6}{Rendimientos}{section.5}% 17
\BOOKMARK [1][-]{section.6}{Resultados}{}% 18
\BOOKMARK [1][-]{section.7}{An\341lisis de resultados}{}% 19
\BOOKMARK [1][-]{section.8}{Conclusiones}{}% 20
\BOOKMARK [1][-]{section.9}{Anexo}{}% 21
\BOOKMARK [1][-]{table.caption.12}{Referencias}{}% 22
